========== Matrix run: db.m7g.xlarge VU=8 run=1 (project=rds-perf-dbm7gxlarge-vu8-run1) ==========

PLAY [Deploy EC2 and RDS Infrastructure] ***************************************

TASK [Create a VPC] ************************************************************
[WARNING]: Platform linux on host localhost is using the discovered Python
interpreter at /usr/bin/python3.13, but future installation of another Python
interpreter could change the meaning of that path. See
https://docs.ansible.com/ansible-
core/2.18/reference_appendices/interpreter_discovery.html for more information.
ok: [localhost]

TASK [Create subnet 1] *********************************************************
ok: [localhost]

TASK [Create subnet 2] *********************************************************
ok: [localhost]

TASK [Create an internet gateway] **********************************************
ok: [localhost]

TASK [Create a route table] ****************************************************
ok: [localhost]

TASK [Create a security group for the EC2 instance] ****************************
ok: [localhost]

TASK [Create a security group for the RDS instance] ****************************
ok: [localhost]

TASK [Create RDS subnet group] *************************************************
ok: [localhost]

TASK [Create RDS parameter group (WAL/checkpoint/benchmark tuning)] ************
ok: [localhost]

TASK [Create the RDS instance] *************************************************
changed: [localhost]

TASK [debug] *******************************************************************
ok: [localhost] => {
    "rds_instance": {
        "activity_stream_status": "stopped",
        "allocated_storage": 400,
        "associated_roles": [],
        "auto_minor_version_upgrade": false,
        "availability_zone": "us-east-2a",
        "backup_retention_period": 0,
        "backup_target": "region",
        "ca_certificate_identifier": "rds-ca-rsa2048-g1",
        "certificate_details": {
            "ca_identifier": "rds-ca-rsa2048-g1",
            "valid_till": "2027-03-19T05:55:46+00:00"
        },
        "changed": true,
        "copy_tags_to_snapshot": false,
        "customer_owned_ip_enabled": false,
        "database_insights_mode": "standard",
        "db_instance_arn": "arn:aws:rds:us-east-2:452958939641:db:rdsperfdbm7gxlargevu8run1rds",
        "db_instance_class": "db.m7g.xlarge",
        "db_instance_identifier": "rdsperfdbm7gxlargevu8run1rds",
        "db_instance_port": 0,
        "db_instance_status": "available",
        "db_name": "rdsperfdbm7gxlargevu8run1rds",
        "db_parameter_groups": [
            {
                "db_parameter_group_name": "rds-perf-dbm7gxlarge-vu8-run1-pg17-bench",
                "parameter_apply_status": "in-sync"
            }
        ],
        "db_security_groups": [],
        "db_subnet_group": {
            "db_subnet_group_description": "Subnet group for RDS",
            "db_subnet_group_name": "rds-perf-dbm7gxlarge-vu8-run1-rds-subnet-group",
            "subnet_group_status": "Complete",
            "subnets": [
                {
                    "subnet_availability_zone": {
                        "name": "us-east-2b"
                    },
                    "subnet_identifier": "subnet-05fe982609e09514a",
                    "subnet_outpost": {},
                    "subnet_status": "Active"
                },
                {
                    "subnet_availability_zone": {
                        "name": "us-east-2a"
                    },
                    "subnet_identifier": "subnet-027416db2c5622024",
                    "subnet_outpost": {},
                    "subnet_status": "Active"
                }
            ],
            "vpc_id": "vpc-02ee76fc143613453"
        },
        "dbi_resource_id": "db-M2S4TVWDJPG5HHFINFWMIMGPSA",
        "dedicated_log_volume": false,
        "deletion_protection": false,
        "domain_memberships": [],
        "endpoint": {
            "address": "rdsperfdbm7gxlargevu8run1rds.cv5vurnttubm.us-east-2.rds.amazonaws.com",
            "hosted_zone_id": "Z2XHWR1WZ565X2",
            "port": 5432
        },
        "engine": "postgres",
        "engine_lifecycle_support": "open-source-rds-extended-support",
        "engine_version": "17.6",
        "failed": false,
        "iam_database_authentication_enabled": false,
        "instance_create_time": "2026-03-19T05:57:28.316000+00:00",
        "iops": 12000,
        "is_storage_config_upgrade_available": false,
        "kms_key_id": "arn:aws:kms:us-east-2:452958939641:key/d5c8dc49-f9fe-4991-a5ab-e67efcc719cf",
        "license_model": "postgresql-license",
        "master_username": "postgres",
        "max_allocated_storage": 400,
        "monitoring_interval": 0,
        "multi_az": false,
        "network_type": "IPV4",
        "option_group_memberships": [
            {
                "option_group_name": "default:postgres-17",
                "status": "in-sync"
            }
        ],
        "pending_modified_values": {},
        "performance_insights_enabled": true,
        "performance_insights_kms_key_id": "arn:aws:kms:us-east-2:452958939641:key/d5c8dc49-f9fe-4991-a5ab-e67efcc719cf",
        "performance_insights_retention_period": 7,
        "preferred_backup_window": "10:24-10:54",
        "preferred_maintenance_window": "thu:06:33-thu:07:03",
        "publicly_accessible": false,
        "read_replica_db_instance_identifiers": [],
        "storage_encrypted": true,
        "storage_throughput": 500,
        "storage_type": "gp3",
        "tags": {
            "Name": "rds-perf-dbm7gxlarge-vu8-run1-rds",
            "Owner": "kmagar",
            "Project": "rds-perf-dbm7gxlarge-vu8-run1"
        },
        "upgrade_rollout_order": "second",
        "vpc_security_groups": [
            {
                "status": "active",
                "vpc_security_group_id": "sg-0bc613c631e893e8a"
            }
        ]
    }
}

TASK [Launch the EC2 instance] *************************************************
changed: [localhost]

TASK [Add new instance to host group] ******************************************
changed: [localhost]

TASK [Wait for SSH to come up] *************************************************
ok: [localhost]

TASK [Display connection information] ******************************************
ok: [localhost] => {
    "msg": [
        "Using these AWS entities:",
        "  VPC vpc-02ee76fc143613453",
        "  subnet 1 subnet-027416db2c5622024",
        "  subnet 2 subnet-05fe982609e09514a",
        "  subnet group for RDS rds-perf-dbm7gxlarge-vu8-run1-rds-subnet-group",
        "  route rtb-0484106e28c0dcea8",
        "  gateway igw-02ab8204249d8238b",
        "  securty group for VM sg-08ae2511cb76acd8d",
        "  securty group for RDS sg-0bc613c631e893e8a",
        "EC2 Instance Public IP: 18.219.241.115 (instance type: m7i.4xlarge)",
        "  to connect to it: ssh -i ~/.ssh/hammerdb-key.pem ec2-user@18.219.241.115",
        "RDS Endpoint: rdsperfdbm7gxlargevu8run1rds.cv5vurnttubm.us-east-2.rds.amazonaws.com (instance type: db.m7g.xlarge)",
        "  to connect to it (from VM): PGPASSWORD=... psql --host rdsperfdbm7gxlargevu8run1rds.cv5vurnttubm.us-east-2.rds.amazonaws.com --port 5432 --username postgres postgres"
    ]
}

TASK [Ensure results directory exists] *****************************************
ok: [localhost]

TASK [Write setup metadata for test/fetch (setup-metadata.json)] ***************
changed: [localhost]

PLAY RECAP *********************************************************************
localhost                  : ok=17   changed=4    unreachable=0    failed=0    skipped=0    rescued=0    ignored=0   


PLAY [Configure newly created EC2 instance] ************************************

TASK [Gathering Facts] *********************************************************
[WARNING]: Platform linux on host 18.219.241.115 is using the discovered Python
interpreter at /usr/bin/python3.12, but future installation of another Python
interpreter could change the meaning of that path. See
https://docs.ansible.com/ansible-
core/2.18/reference_appendices/interpreter_discovery.html for more information.
ok: [18.219.241.115]

TASK [Install Podman] **********************************************************
ok: [18.219.241.115]

TASK [Pull HammerDB PostgreSQL container image] ********************************
changed: [18.219.241.115]

TASK [Deploy HammerDB test scripts] ********************************************
changed: [18.219.241.115] => (item={'src': '../templates/hammerdb-tpcc-setup.tcl.j2', 'dest': 'setup.tcl'})
changed: [18.219.241.115] => (item={'src': '../templates/hammerdb-tpcc-run.tcl.j2', 'dest': 'run.tcl'})
changed: [18.219.241.115] => (item={'src': '../templates/hammerdb-tpcc-cleanup.tcl.j2', 'dest': 'cleanup.tcl'})

TASK [Record test start time for CloudWatch (start of Setup HammerDB test)] ****
ok: [18.219.241.115]

TASK [Set test start epoch] ****************************************************
ok: [18.219.241.115]

TASK [Setup HammerDB test] *****************************************************
fatal: [18.219.241.115]: UNREACHABLE! => {"changed": false, "msg": "Failed to connect to the host via ssh: Read from remote host 18.219.241.115: Connection reset by peer\r\nConnection to 18.219.241.115 closed.\r\nclient_loop: send disconnect: Broken pipe", "unreachable": true}

PLAY RECAP *********************************************************************
18.219.241.115             : ok=6    changed=2    unreachable=1    failed=0    skipped=0    rescued=0    ignored=0   
localhost                  : ok=17   changed=4    unreachable=0    failed=0    skipped=0    rescued=0    ignored=0   

