========== Matrix run: db.m7i.xlarge VU=1 run=1 (project=rds-perf-dbm7ixlarge-vu1-run1) ==========

PLAY [Deploy EC2 and RDS Infrastructure] ***************************************

TASK [Create a VPC] ************************************************************
[WARNING]: Platform linux on host localhost is using the discovered Python
interpreter at /usr/bin/python3.13, but future installation of another Python
interpreter could change the meaning of that path. See
https://docs.ansible.com/ansible-
core/2.18/reference_appendices/interpreter_discovery.html for more information.
ok: [localhost]

TASK [Create subnet 1] *********************************************************
ok: [localhost]

TASK [Create subnet 2] *********************************************************
ok: [localhost]

TASK [Create an internet gateway] **********************************************
ok: [localhost]

TASK [Create a route table] ****************************************************
ok: [localhost]

TASK [Create a security group for the EC2 instance] ****************************
ok: [localhost]

TASK [Create a security group for the RDS instance] ****************************
ok: [localhost]

TASK [Create RDS subnet group] *************************************************
ok: [localhost]

TASK [Create the RDS instance] *************************************************
changed: [localhost]

TASK [debug] *******************************************************************
ok: [localhost] => {
    "rds_instance": {
        "activity_stream_status": "stopped",
        "allocated_storage": 400,
        "associated_roles": [],
        "auto_minor_version_upgrade": false,
        "availability_zone": "us-east-2a",
        "backup_retention_period": 0,
        "backup_target": "region",
        "ca_certificate_identifier": "rds-ca-rsa2048-g1",
        "certificate_details": {
            "ca_identifier": "rds-ca-rsa2048-g1",
            "valid_till": "2027-03-16T07:01:05+00:00"
        },
        "changed": true,
        "copy_tags_to_snapshot": false,
        "customer_owned_ip_enabled": false,
        "database_insights_mode": "standard",
        "db_instance_arn": "arn:aws:rds:us-east-2:452958939641:db:rdsperfdbm7ixlargevu1run1rds",
        "db_instance_class": "db.m7i.xlarge",
        "db_instance_identifier": "rdsperfdbm7ixlargevu1run1rds",
        "db_instance_port": 0,
        "db_instance_status": "available",
        "db_name": "rdsperfdbm7ixlargevu1run1rds",
        "db_parameter_groups": [
            {
                "db_parameter_group_name": "default.postgres17",
                "parameter_apply_status": "in-sync"
            }
        ],
        "db_security_groups": [],
        "db_subnet_group": {
            "db_subnet_group_description": "Subnet group for RDS",
            "db_subnet_group_name": "rds-perf-dbm7ixlarge-vu1-run1-rds-subnet-group",
            "subnet_group_status": "Complete",
            "subnets": [
                {
                    "subnet_availability_zone": {
                        "name": "us-east-2b"
                    },
                    "subnet_identifier": "subnet-0e12f75cc0ae02a36",
                    "subnet_outpost": {},
                    "subnet_status": "Active"
                },
                {
                    "subnet_availability_zone": {
                        "name": "us-east-2a"
                    },
                    "subnet_identifier": "subnet-00553b9f03241c37a",
                    "subnet_outpost": {},
                    "subnet_status": "Active"
                }
            ],
            "vpc_id": "vpc-05aa474e4ea945bed"
        },
        "dbi_resource_id": "db-K5DSNMW3E2MVDXCSFM4OIZB5OI",
        "dedicated_log_volume": false,
        "deletion_protection": false,
        "domain_memberships": [],
        "endpoint": {
            "address": "rdsperfdbm7ixlargevu1run1rds.cv5vurnttubm.us-east-2.rds.amazonaws.com",
            "hosted_zone_id": "Z2XHWR1WZ565X2",
            "port": 5432
        },
        "engine": "postgres",
        "engine_lifecycle_support": "open-source-rds-extended-support",
        "engine_version": "17.6",
        "failed": false,
        "iam_database_authentication_enabled": false,
        "instance_create_time": "2026-03-16T07:02:10.039000+00:00",
        "iops": 12000,
        "is_storage_config_upgrade_available": false,
        "kms_key_id": "arn:aws:kms:us-east-2:452958939641:key/d5c8dc49-f9fe-4991-a5ab-e67efcc719cf",
        "license_model": "postgresql-license",
        "master_username": "postgres",
        "max_allocated_storage": 400,
        "monitoring_interval": 0,
        "multi_az": false,
        "network_type": "IPV4",
        "option_group_memberships": [
            {
                "option_group_name": "default:postgres-17",
                "status": "in-sync"
            }
        ],
        "pending_modified_values": {},
        "performance_insights_enabled": true,
        "performance_insights_kms_key_id": "arn:aws:kms:us-east-2:452958939641:key/d5c8dc49-f9fe-4991-a5ab-e67efcc719cf",
        "performance_insights_retention_period": 7,
        "preferred_backup_window": "06:55-07:25",
        "preferred_maintenance_window": "thu:10:01-thu:10:31",
        "publicly_accessible": false,
        "read_replica_db_instance_identifiers": [],
        "storage_encrypted": true,
        "storage_throughput": 500,
        "storage_type": "gp3",
        "tags": {
            "Name": "rds-perf-dbm7ixlarge-vu1-run1-rds",
            "Owner": "kmagar",
            "Project": "rds-perf-dbm7ixlarge-vu1-run1"
        },
        "upgrade_rollout_order": "second",
        "vpc_security_groups": [
            {
                "status": "active",
                "vpc_security_group_id": "sg-0ed93bdfaf430c668"
            }
        ]
    }
}

TASK [Launch the EC2 instance] *************************************************
changed: [localhost]

TASK [Add new instance to host group] ******************************************
changed: [localhost]

TASK [Wait for SSH to come up] *************************************************
ok: [localhost]

TASK [Display connection information] ******************************************
ok: [localhost] => {
    "msg": [
        "Using these AWS entities:",
        "  VPC vpc-05aa474e4ea945bed",
        "  subnet 1 subnet-00553b9f03241c37a",
        "  subnet 2 subnet-0e12f75cc0ae02a36",
        "  subnet group for RDS rds-perf-dbm7ixlarge-vu1-run1-rds-subnet-group",
        "  route rtb-0629b6853d61ce8f9",
        "  gateway igw-0f28d7b98fd594084",
        "  securty group for VM sg-083bcbf6a98b5fd33",
        "  securty group for RDS sg-0ed93bdfaf430c668",
        "EC2 Instance Public IP: 16.58.214.133 (instance type: m7i.4xlarge)",
        "  to connect to it: ssh -i ~/.ssh/hammerdb-key.pem ec2-user@16.58.214.133",
        "RDS Endpoint: rdsperfdbm7ixlargevu1run1rds.cv5vurnttubm.us-east-2.rds.amazonaws.com (instance type: db.m7i.xlarge)",
        "  to connect to it (from VM): PGPASSWORD=... psql --host rdsperfdbm7ixlargevu1run1rds.cv5vurnttubm.us-east-2.rds.amazonaws.com --port 5432 --username postgres postgres"
    ]
}

TASK [Ensure results directory exists] *****************************************
ok: [localhost]

TASK [Write setup metadata for test/fetch (setup-metadata.json)] ***************
changed: [localhost]

PLAY RECAP *********************************************************************
localhost                  : ok=16   changed=4    unreachable=0    failed=0    skipped=0    rescued=0    ignored=0   


PLAY [Configure newly created EC2 instance] ************************************

TASK [Gathering Facts] *********************************************************
[WARNING]: Platform linux on host 16.58.214.133 is using the discovered Python
interpreter at /usr/bin/python3.12, but future installation of another Python
interpreter could change the meaning of that path. See
https://docs.ansible.com/ansible-
core/2.18/reference_appendices/interpreter_discovery.html for more information.
ok: [16.58.214.133]

TASK [Install Podman] **********************************************************
ok: [16.58.214.133]

TASK [Pull HammerDB PostgreSQL container image] ********************************
changed: [16.58.214.133]

TASK [Deploy HammerDB test scripts] ********************************************
changed: [16.58.214.133] => (item={'src': '../templates/hammerdb-tpcc-setup.tcl.j2', 'dest': 'setup.tcl'})
changed: [16.58.214.133] => (item={'src': '../templates/hammerdb-tpcc-run.tcl.j2', 'dest': 'run.tcl'})
changed: [16.58.214.133] => (item={'src': '../templates/hammerdb-tpcc-cleanup.tcl.j2', 'dest': 'cleanup.tcl'})

TASK [Record test start time for CloudWatch (start of Setup HammerDB test)] ****
ok: [16.58.214.133]

TASK [Set test start epoch] ****************************************************
ok: [16.58.214.133]

TASK [Setup HammerDB test] *****************************************************
