========== Matrix run: db.m7i.xlarge VU=8 run=1 (project=rds-perf-dbm7ixlarge-vu8-run1) ==========

PLAY [Deploy EC2 and RDS Infrastructure] ***************************************

TASK [Create a VPC] ************************************************************
[WARNING]: Platform linux on host localhost is using the discovered Python
interpreter at /usr/bin/python3.13, but future installation of another Python
interpreter could change the meaning of that path. See
https://docs.ansible.com/ansible-
core/2.18/reference_appendices/interpreter_discovery.html for more information.
ok: [localhost]

TASK [Create subnet 1] *********************************************************
ok: [localhost]

TASK [Create subnet 2] *********************************************************
ok: [localhost]

TASK [Create an internet gateway] **********************************************
ok: [localhost]

TASK [Create a route table] ****************************************************
ok: [localhost]

TASK [Create a security group for the EC2 instance] ****************************
ok: [localhost]

TASK [Create a security group for the RDS instance] ****************************
ok: [localhost]

TASK [Create RDS subnet group] *************************************************
ok: [localhost]

TASK [Create RDS parameter group (WAL/checkpoint/benchmark tuning)] ************
changed: [localhost]

TASK [Create the RDS instance] *************************************************
