
PLAY [Deploy EC2 and RDS Infrastructure] ***************************************

TASK [Create a VPC] ************************************************************
[WARNING]: Platform linux on host localhost is using the discovered Python
interpreter at /usr/bin/python3.13, but future installation of another Python
interpreter could change the meaning of that path. See
https://docs.ansible.com/ansible-
core/2.18/reference_appendices/interpreter_discovery.html for more information.
ok: [localhost]

TASK [Create subnet 1] *********************************************************
ok: [localhost]

TASK [Create subnet 2] *********************************************************
ok: [localhost]

TASK [Create an internet gateway] **********************************************
ok: [localhost]

TASK [Create a route table] ****************************************************
ok: [localhost]

TASK [Create a security group for the EC2 instance] ****************************
ok: [localhost]

TASK [Create a security group for the RDS instance] ****************************
ok: [localhost]

TASK [Create RDS subnet group] *************************************************
ok: [localhost]

TASK [Create the RDS instance] *************************************************
changed: [localhost]

TASK [debug] *******************************************************************
ok: [localhost] => {
    "rds_instance": {
        "activity_stream_status": "stopped",
        "allocated_storage": 100,
        "associated_roles": [],
        "auto_minor_version_upgrade": false,
        "availability_zone": "us-east-2a",
        "backup_retention_period": 0,
        "backup_target": "region",
        "ca_certificate_identifier": "rds-ca-rsa2048-g1",
        "certificate_details": {
            "ca_identifier": "rds-ca-rsa2048-g1",
            "valid_till": "2027-03-12T09:12:21+00:00"
        },
        "changed": true,
        "copy_tags_to_snapshot": false,
        "customer_owned_ip_enabled": false,
        "database_insights_mode": "standard",
        "db_instance_arn": "arn:aws:rds:us-east-2:452958939641:db:rdsperfcomparisionrds",
        "db_instance_class": "db.m7g.xlarge",
        "db_instance_identifier": "rdsperfcomparisionrds",
        "db_instance_port": 0,
        "db_instance_status": "available",
        "db_name": "rdsperfcomparisionrds",
        "db_parameter_groups": [
            {
                "db_parameter_group_name": "default.postgres17",
                "parameter_apply_status": "in-sync"
            }
        ],
        "db_security_groups": [],
        "db_subnet_group": {
            "db_subnet_group_description": "Subnet group for RDS",
            "db_subnet_group_name": "rds-perf-comparision-rds-subnet-group",
            "subnet_group_status": "Complete",
            "subnets": [
                {
                    "subnet_availability_zone": {
                        "name": "us-east-2a"
                    },
                    "subnet_identifier": "subnet-09b58e5cd7b6a25f7",
                    "subnet_outpost": {},
                    "subnet_status": "Active"
                },
                {
                    "subnet_availability_zone": {
                        "name": "us-east-2b"
                    },
                    "subnet_identifier": "subnet-06bc239d7788983a4",
                    "subnet_outpost": {},
                    "subnet_status": "Active"
                }
            ],
            "vpc_id": "vpc-0f291156e47c74e32"
        },
        "dbi_resource_id": "db-GFNU46BJT4ZDQ3OFSCTDCG452E",
        "dedicated_log_volume": false,
        "deletion_protection": false,
        "domain_memberships": [],
        "endpoint": {
            "address": "rdsperfcomparisionrds.cv5vurnttubm.us-east-2.rds.amazonaws.com",
            "hosted_zone_id": "Z2XHWR1WZ565X2",
            "port": 5432
        },
        "engine": "postgres",
        "engine_lifecycle_support": "open-source-rds-extended-support",
        "engine_version": "17.6",
        "failed": false,
        "iam_database_authentication_enabled": false,
        "instance_create_time": "2026-03-12T09:13:31.421000+00:00",
        "iops": 3000,
        "is_storage_config_upgrade_available": false,
        "kms_key_id": "arn:aws:kms:us-east-2:452958939641:key/d5c8dc49-f9fe-4991-a5ab-e67efcc719cf",
        "license_model": "postgresql-license",
        "master_username": "postgres",
        "max_allocated_storage": 100,
        "monitoring_interval": 0,
        "multi_az": false,
        "network_type": "IPV4",
        "option_group_memberships": [
            {
                "option_group_name": "default:postgres-17",
                "status": "in-sync"
            }
        ],
        "pending_modified_values": {},
        "performance_insights_enabled": true,
        "performance_insights_kms_key_id": "arn:aws:kms:us-east-2:452958939641:key/d5c8dc49-f9fe-4991-a5ab-e67efcc719cf",
        "performance_insights_retention_period": 7,
        "preferred_backup_window": "10:25-10:55",
        "preferred_maintenance_window": "sun:06:53-sun:07:23",
        "publicly_accessible": false,
        "read_replica_db_instance_identifiers": [],
        "storage_encrypted": true,
        "storage_throughput": 125,
        "storage_type": "gp3",
        "tags": {
            "Name": "rds-perf-comparision-rds",
            "Owner": "kmagar",
            "Project": "rds-perf-comparision"
        },
        "upgrade_rollout_order": "second",
        "vpc_security_groups": [
            {
                "status": "active",
                "vpc_security_group_id": "sg-0100e5707f1af3634"
            }
        ]
    }
}

TASK [Launch the EC2 instance] *************************************************
changed: [localhost]

TASK [Add new instance to host group] ******************************************
changed: [localhost]

TASK [Wait for SSH to come up] *************************************************
ok: [localhost]

TASK [Display connection information] ******************************************
ok: [localhost] => {
    "msg": [
        "Using these AWS entities:",
        "  VPC vpc-0f291156e47c74e32",
        "  subnet 1 subnet-09b58e5cd7b6a25f7",
        "  subnet 2 subnet-06bc239d7788983a4",
        "  subnet group for RDS rds-perf-comparision-rds-subnet-group",
        "  route rtb-02070b3944508be46",
        "  gateway igw-0041bd27ce9fab68d",
        "  securty group for VM sg-00c9c5b58f2395531",
        "  securty group for RDS sg-0100e5707f1af3634",
        "EC2 Instance Public IP: 3.138.32.184",
        "  to connect to it: ssh -i ~/.ssh/hammerdb-key.pem ec2-user@3.138.32.184",
        "RDS Endpoint: rdsperfcomparisionrds.cv5vurnttubm.us-east-2.rds.amazonaws.com",
        "  to connect to it (from VM): PGPASSWORD=... psql --host rdsperfcomparisionrds.cv5vurnttubm.us-east-2.rds.amazonaws.com --port 5432 --username postgres postgres"
    ]
}

TASK [Ensure results directory exists] *****************************************
ok: [localhost]

TASK [Write setup metadata for test/fetch (setup-metadata.json)] ***************
changed: [localhost]

PLAY RECAP *********************************************************************
localhost                  : ok=16   changed=4    unreachable=0    failed=0    skipped=0    rescued=0    ignored=0   


PLAY [Configure newly created EC2 instance] ************************************

TASK [Gathering Facts] *********************************************************
[WARNING]: Platform linux on host 3.138.32.184 is using the discovered Python
interpreter at /usr/bin/python3.12, but future installation of another Python
interpreter could change the meaning of that path. See
https://docs.ansible.com/ansible-
core/2.18/reference_appendices/interpreter_discovery.html for more information.
ok: [3.138.32.184]

TASK [Install Podman] **********************************************************
ok: [3.138.32.184]

TASK [Pull HammerDB PostgreSQL container image] ********************************
changed: [3.138.32.184]

TASK [Deploy HammerDB test scripts] ********************************************
changed: [3.138.32.184] => (item={'src': '../templates/hammerdb-tpcc-setup.tcl.j2', 'dest': 'setup.tcl'})
changed: [3.138.32.184] => (item={'src': '../templates/hammerdb-tpcc-run.tcl.j2', 'dest': 'run.tcl'})
changed: [3.138.32.184] => (item={'src': '../templates/hammerdb-tpcc-cleanup.tcl.j2', 'dest': 'cleanup.tcl'})

TASK [Record test start time for CloudWatch] ***********************************
ok: [3.138.32.184]

TASK [Set test end time for CloudWatch (start + window from inventory)] ********
ok: [3.138.32.184]

TASK [Setup HammerDB test] *****************************************************
fatal: [3.138.32.184]: UNREACHABLE! => {"changed": false, "msg": "Failed to connect to the host via ssh: Shared connection to 3.138.32.184 closed.", "unreachable": true}

PLAY RECAP *********************************************************************
3.138.32.184               : ok=6    changed=2    unreachable=1    failed=0    skipped=0    rescued=0    ignored=0   
localhost                  : ok=16   changed=4    unreachable=0    failed=0    skipped=0    rescued=0    ignored=0   

