
PLAY [Deploy EC2 and RDS Infrastructure] ***************************************

TASK [Create a VPC] ************************************************************
[WARNING]: Platform linux on host localhost is using the discovered Python
interpreter at /usr/bin/python3.13, but future installation of another Python
interpreter could change the meaning of that path. See
https://docs.ansible.com/ansible-
core/2.18/reference_appendices/interpreter_discovery.html for more information.
ok: [localhost]

TASK [Create subnet 1] *********************************************************
ok: [localhost]

TASK [Create subnet 2] *********************************************************
ok: [localhost]

TASK [Create an internet gateway] **********************************************
ok: [localhost]

TASK [Create a route table] ****************************************************
ok: [localhost]

TASK [Create a security group for the EC2 instance] ****************************
ok: [localhost]

TASK [Create a security group for the RDS instance] ****************************
ok: [localhost]

TASK [Create RDS subnet group] *************************************************
ok: [localhost]

TASK [Create the RDS instance] *************************************************
An exception occurred during task execution. To see the full traceback, use -vvv. The error was: botocore.errorfactory.DBInstanceNotFoundFault: An error occurred (DBInstanceNotFound) when calling the ModifyDBInstance operation: DB instance not found: rdsperfcomparisionrds
fatal: [localhost]: FAILED! => {"boto3_version": "1.42.43", "botocore_version": "1.42.43", "changed": false, "error": {"code": "DBInstanceNotFound", "message": "DB instance not found: rdsperfcomparisionrds", "type": "Sender"}, "msg": "Unable to modify DB instance: An error occurred (DBInstanceNotFound) when calling the ModifyDBInstance operation: DB instance not found: rdsperfcomparisionrds", "response_metadata": {"http_headers": {"content-length": "293", "content-type": "text/xml", "date": "Mon, 09 Mar 2026 19:17:53 GMT", "strict-transport-security": "max-age=31536000", "x-amzn-requestid": "e20a164f-0c01-4e9c-bec0-2893a65857e3"}, "http_status_code": 404, "request_id": "e20a164f-0c01-4e9c-bec0-2893a65857e3", "retry_attempts": 0}}

PLAY RECAP *********************************************************************
localhost                  : ok=8    changed=0    unreachable=0    failed=1    skipped=0    rescued=0    ignored=0   

