
PLAY [Deploy EC2 and RDS Infrastructure] ***************************************

TASK [Create a VPC] ************************************************************
[WARNING]: Platform linux on host localhost is using the discovered Python
interpreter at /usr/bin/python3.13, but future installation of another Python
interpreter could change the meaning of that path. See
https://docs.ansible.com/ansible-
core/2.18/reference_appendices/interpreter_discovery.html for more information.
ok: [localhost]

TASK [Create subnet 1] *********************************************************
ok: [localhost]

TASK [Create subnet 2] *********************************************************
ok: [localhost]

TASK [Create an internet gateway] **********************************************
ok: [localhost]

TASK [Create a route table] ****************************************************
ok: [localhost]

TASK [Create a security group for the EC2 instance] ****************************
ok: [localhost]

TASK [Create a security group for the RDS instance] ****************************
ok: [localhost]

TASK [Create RDS subnet group] *************************************************
ok: [localhost]

TASK [Create the RDS instance] *************************************************
ok: [localhost]

TASK [debug] *******************************************************************
ok: [localhost] => {
    "rds_instance": {
        "activity_stream_status": "stopped",
        "allocated_storage": 100,
        "associated_roles": [],
        "auto_minor_version_upgrade": false,
        "availability_zone": "us-east-2a",
        "backup_retention_period": 0,
        "backup_target": "region",
        "ca_certificate_identifier": "rds-ca-rsa2048-g1",
        "certificate_details": {
            "ca_identifier": "rds-ca-rsa2048-g1",
            "valid_till": "2027-03-09T14:56:27+00:00"
        },
        "changed": false,
        "copy_tags_to_snapshot": false,
        "customer_owned_ip_enabled": false,
        "database_insights_mode": "standard",
        "db_instance_arn": "arn:aws:rds:us-east-2:452958939641:db:rdsperfcomparisionrds",
        "db_instance_class": "db.m7i.xlarge",
        "db_instance_identifier": "rdsperfcomparisionrds",
        "db_instance_port": 0,
        "db_instance_status": "available",
        "db_name": "rdsperfcomparisionrds",
        "db_parameter_groups": [
            {
                "db_parameter_group_name": "default.postgres17",
                "parameter_apply_status": "in-sync"
            }
        ],
        "db_security_groups": [],
        "db_subnet_group": {
            "db_subnet_group_description": "Subnet group for RDS",
            "db_subnet_group_name": "rds-perf-comparision-rds-subnet-group",
            "subnet_group_status": "Complete",
            "subnets": [
                {
                    "subnet_availability_zone": {
                        "name": "us-east-2a"
                    },
                    "subnet_identifier": "subnet-09b58e5cd7b6a25f7",
                    "subnet_outpost": {},
                    "subnet_status": "Active"
                },
                {
                    "subnet_availability_zone": {
                        "name": "us-east-2b"
                    },
                    "subnet_identifier": "subnet-06bc239d7788983a4",
                    "subnet_outpost": {},
                    "subnet_status": "Active"
                }
            ],
            "vpc_id": "vpc-0f291156e47c74e32"
        },
        "dbi_resource_id": "db-36HXCAXRCDOQKAGY75LHVVBSVQ",
        "dedicated_log_volume": false,
        "deletion_protection": false,
        "domain_memberships": [],
        "endpoint": {
            "address": "rdsperfcomparisionrds.cv5vurnttubm.us-east-2.rds.amazonaws.com",
            "hosted_zone_id": "Z2XHWR1WZ565X2",
            "port": 5432
        },
        "engine": "postgres",
        "engine_lifecycle_support": "open-source-rds-extended-support",
        "engine_version": "17.6",
        "failed": false,
        "iam_database_authentication_enabled": false,
        "instance_create_time": "2026-03-09T14:57:32.497000+00:00",
        "iops": 3000,
        "is_storage_config_upgrade_available": false,
        "kms_key_id": "arn:aws:kms:us-east-2:452958939641:key/d5c8dc49-f9fe-4991-a5ab-e67efcc719cf",
        "license_model": "postgresql-license",
        "master_username": "postgres",
        "max_allocated_storage": 100,
        "monitoring_interval": 0,
        "multi_az": false,
        "network_type": "IPV4",
        "option_group_memberships": [
            {
                "option_group_name": "default:postgres-17",
                "status": "in-sync"
            }
        ],
        "pending_modified_values": {},
        "performance_insights_enabled": true,
        "performance_insights_kms_key_id": "arn:aws:kms:us-east-2:452958939641:key/d5c8dc49-f9fe-4991-a5ab-e67efcc719cf",
        "performance_insights_retention_period": 7,
        "preferred_backup_window": "03:05-03:35",
        "preferred_maintenance_window": "tue:07:30-tue:08:00",
        "publicly_accessible": false,
        "read_replica_db_instance_identifiers": [],
        "storage_encrypted": true,
        "storage_throughput": 125,
        "storage_type": "gp3",
        "tags": {
            "Name": "rds-perf-comparision-rds",
            "Owner": "kmagar",
            "Project": "rds-perf-comparision"
        },
        "upgrade_rollout_order": "second",
        "vpc_security_groups": [
            {
                "status": "active",
                "vpc_security_group_id": "sg-0100e5707f1af3634"
            }
        ]
    }
}

TASK [Launch the EC2 instance] *************************************************
changed: [localhost]

TASK [Add new instance to host group] ******************************************
changed: [localhost]

TASK [Wait for SSH to come up] *************************************************
ok: [localhost]

TASK [Display connection information] ******************************************
ok: [localhost] => {
    "msg": [
        "Using these AWS entities:",
        "  VPC vpc-0f291156e47c74e32",
        "  subnet 1 subnet-09b58e5cd7b6a25f7",
        "  subnet 2 subnet-06bc239d7788983a4",
        "  subnet group for RDS rds-perf-comparision-rds-subnet-group",
        "  route rtb-02070b3944508be46",
        "  gateway igw-0041bd27ce9fab68d",
        "  securty group for VM sg-00c9c5b58f2395531",
        "  securty group for RDS sg-0100e5707f1af3634",
        "EC2 Instance Public IP: 18.118.164.191",
        "  to connect to it: ssh -i ~/.ssh/hammerdb-key.pem ec2-user@18.118.164.191",
        "RDS Endpoint: rdsperfcomparisionrds.cv5vurnttubm.us-east-2.rds.amazonaws.com",
        "  to connect to it (from VM): PGPASSWORD=... psql --host rdsperfcomparisionrds.cv5vurnttubm.us-east-2.rds.amazonaws.com --port 5432 --username postgres postgres"
    ]
}

TASK [Ensure results directory exists] *****************************************
ok: [localhost]

TASK [Write setup metadata for test/fetch (run-metadata.json)] *****************
changed: [localhost]

PLAY RECAP *********************************************************************
localhost                  : ok=16   changed=3    unreachable=0    failed=0    skipped=0    rescued=0    ignored=0   


PLAY [Configure newly created EC2 instance] ************************************

TASK [Gathering Facts] *********************************************************
[WARNING]: Platform linux on host 18.118.164.191 is using the discovered Python
interpreter at /usr/bin/python3.12, but future installation of another Python
interpreter could change the meaning of that path. See
https://docs.ansible.com/ansible-
core/2.18/reference_appendices/interpreter_discovery.html for more information.
ok: [18.118.164.191]

TASK [Install Podman] **********************************************************
ok: [18.118.164.191]

TASK [Pull HammerDB PostgreSQL container image] ********************************
changed: [18.118.164.191]

TASK [Deploy HammerDB test scripts] ********************************************
changed: [18.118.164.191] => (item={'src': '../templates/hammerdb-tpcc-setup.tcl.j2', 'dest': 'setup.tcl'})
changed: [18.118.164.191] => (item={'src': '../templates/hammerdb-tpcc-run.tcl.j2', 'dest': 'run.tcl'})
changed: [18.118.164.191] => (item={'src': '../templates/hammerdb-tpcc-cleanup.tcl.j2', 'dest': 'cleanup.tcl'})

TASK [Setup HammerDB test] *****************************************************
changed: [18.118.164.191]

TASK [Show test setup output] **************************************************
ok: [18.118.164.191] => {
    "hammerdb_setup_out": {
        "changed": true,
        "cmd": "cat setup.tcl | podman run --network=host --rm -it --name hammerdb docker.io/tpcorg/hammerdb:postgres ./hammerdbcli\n",
        "delta": "0:03:58.440445",
        "end": "2026-03-09 19:11:58.979651",
        "failed": false,
        "msg": "",
        "rc": 0,
        "start": "2026-03-09 19:08:00.539206",
        "stderr": "time=\"2026-03-09T19:08:00Z\" level=warning msg=\"The input device is not a TTY. The --tty and --interactive flags might not work properly\"",
        "stderr_lines": [
            "time=\"2026-03-09T19:08:00Z\" level=warning msg=\"The input device is not a TTY. The --tty and --interactive flags might not work properly\""
        ],
        "stdout": "HammerDB CLI v4.12\r\r\nCopyright (C) 2003-2024 Steve Shaw\r\r\nType \"help\" for a list of commands\r\r\nlibrarycheck\r\ndbset db pg\r\ndbset bm TPC-C\r\ndiset connection pg_host rdsperfcomparisionrds.cv5vurnttubm.us-east-2.rds.amazonaws.com\r\ndiset connection pg_port 5432\r\ndiset tpcc pg_num_vu 5\r\ndiset tpcc pg_count_ware 10\r\ndiset tpcc pg_defaultdbase postgres\r\ndiset tpcc pg_superuser postgres\r\ndiset tpcc pg_superuserpass rdsperfcomparision1234\r\ndiset tpcc pg_user benchmark\r\ndiset tpcc pg_pass benchmark\r\ndiset tpcc pg_dbase benchmark\r\nprint dict\r\n\r\nbuildschema\r\n\r\nexit\r\nInitialized new Jobs on-disk database /tmp/hammer.DB\r\r\n\r\nChecking database library for Oracle\r\nError: failed to load Oratcl - can't read \"env(ORACLE_HOME)\": no such variable\r\nEnsure that Oracle client libraries are installed and the location in the LD_LIBRARY_PATH environment variable\r\nChecking database library for MSSQLServer\r\nError: failed to load tdbc::odbc - couldn't load file \"libiodbc.so\": libiodbc.so: cannot open shared object file: No such file or directory\r\nEnsure that MSSQLServer client libraries are installed and the location in the LD_LIBRARY_PATH environment variable\r\nChecking database library for Db2\r\nError: failed to load db2tcl - couldn't load file \"/home/HammerDB-4.12/lib/db2tcl2.0.1/libdb2tcl.so\": libdb2.so.1: cannot open shared object file: No such file or directory\r\nEnsure that Db2 client libraries are installed and the location in the LD_LIBRARY_PATH environment variable\r\nChecking database library for MySQL\r\nError: failed to load mysqltcl - couldn't load file \"/home/HammerDB-4.12/lib/mysqltcl3.052/libmysqltcl3.052.so\": libmysqlclient.so.21: cannot open shared object file: No such file or directory\r\nEnsure that MySQL client libraries are installed and the location in the LD_LIBRARY_PATH environment variable\r\nChecking database library for PostgreSQL\r\nSuccess ... loaded library Pgtcl for PostgreSQL\r\nChecking database library for MariaDB\r\nError: failed to load mariatcl - couldn't load file \"/home/HammerDB-4.12/lib/mariatcl0.1/libmariatcl0.1.so\": libmariadb.so.3: cannot open shared object file: No such file or directory\r\nEnsure that MariaDB client libraries are installed and the location in the LD_LIBRARY_PATH environment variable\r\n\r\n\r\nDatabase set to PostgreSQL\r\n\r\r\n\r\nBenchmark set to TPC-C for PostgreSQL\r\n\r\r\n\r\nChanged connection:pg_host from localhost to rdsperfcomparisionrds.cv5vurnttubm.us-east-2.rds.amazonaws.com for PostgreSQL\r\n\r\r\n\r\nValue 5432 for connection:pg_port is the same as existing value 5432, no change made\r\n\r\r\n\r\nChanged tpcc:pg_num_vu from 1 to 5 for PostgreSQL\r\n\r\r\n\r\nChanged tpcc:pg_count_ware from 1 to 10 for PostgreSQL\r\n\r\r\n\r\nValue postgres for tpcc:pg_defaultdbase is the same as existing value postgres, no change made\r\n\r\r\n\r\nValue postgres for tpcc:pg_superuser is the same as existing value postgres, no change made\r\n\r\r\n\r\nChanged tpcc:pg_superuserpass from postgres to rdsperfcomparision1234 for PostgreSQL\r\n\r\r\n\r\nChanged tpcc:pg_user from tpcc to benchmark for PostgreSQL\r\n\r\r\n\r\nChanged tpcc:pg_pass from tpcc to benchmark for PostgreSQL\r\n\r\r\n\r\nChanged tpcc:pg_dbase from tpcc to benchmark for PostgreSQL\r\n\r\r\n\r\nDictionary Settings for PostgreSQL\r\nconnection {\r\n pg_host    = rdsperfcomparisionrds.cv5vurnttubm.us-east-2.rds.amazonaws.com\r\n pg_port    = 5432\r\n pg_sslmode = prefer\r\n}\r\ntpcc       {\r\n pg_count_ware       = 10\r\n pg_num_vu           = 5\r\n pg_superuser        = postgres\r\n pg_superuserpass    = rdsperfcomparision1234\r\n pg_defaultdbase     = postgres\r\n pg_user             = benchmark\r\n pg_pass             = benchmark\r\n pg_dbase            = benchmark\r\n pg_tspace           = pg_default\r\n pg_vacuum           = false\r\n pg_dritasnap        = false\r\n pg_oracompat        = false\r\n pg_cituscompat      = false\r\n pg_storedprocs      = false\r\n pg_partition        = false\r\n pg_total_iterations = 10000000\r\n pg_raiseerror       = false\r\n pg_keyandthink      = false\r\n pg_driver           = timed\r\n pg_rampup           = 2\r\n pg_duration         = 5\r\n pg_allwarehouse     = false\r\n pg_timeprofile      = false\r\n pg_async_scale      = false\r\n pg_async_client     = 10\r\n pg_async_verbose    = false\r\n pg_async_delay      = 1000\r\n pg_connect_pool     = false\r\n}\r\n\r\n\r\n\r\n\r\nScript cleared\r\n\rBuilding 10 Warehouses with 6 Virtual Users, 5 active + 1 Monitor VU(dict value pg_num_vu is set to 5)\r\nReady to create a 10 Warehouse PostgreSQL TPROC-C schema\r\nin host RDSPERFCOMPARISIONRDS.CV5VURNTTUBM.US-EAST-2.RDS.AMAZONAWS.COM:5432 sslmode PREFER under user BENCHMARK in database BENCHMARK?\r\n\rEnter yes or no: replied yes\r\n\rVuser 1 created - WAIT IDLE\r\n\rVuser 2 created - WAIT IDLE\r\n\rVuser 3 created - WAIT IDLE\r\n\rVuser 4 created - WAIT IDLE\r\n\rVuser 5 created - WAIT IDLE\r\n\rVuser 6 created - WAIT IDLE\r\n\rVuser 1:RUNNING\r\n\rVuser 1:Monitor Thread\r\n\rVuser 1:CREATING BENCHMARK SCHEMA\r\n\rVuser 1:CREATING DATABASE benchmark under OWNER benchmark\r\n\rVuser 1:Using existing User benchmark for Schema build\r\n\rVuser 1:Database with tables benchmark exists\r\n\rError in Virtual User 1: Database benchmark exists but is not empty, specify a new or empty database name\r\n\rVuser 1:FINISHED FAILED\r\n\rVuser 2:RUNNING\r\n\rVuser 2:Worker Thread\r\n\rVuser 2:Waiting for Monitor Thread...\r\n\rVuser 3:RUNNING\r\n\rVuser 3:Worker Thread\r\n\rVuser 3:Waiting for Monitor Thread...\r\n\rVuser 4:RUNNING\r\n\rVuser 4:Worker Thread\r\n\rVuser 4:Waiting for Monitor Thread...\r\n\rVuser 5:RUNNING\r\n\rVuser 5:Worker Thread\r\n\rVuser 5:Waiting for Monitor Thread...\r\n\rVuser 6:RUNNING\r\n\rVuser 6:Worker Thread\r\n\rVuser 6:Waiting for Monitor Thread...\r\n\rVuser 2:Monitor failed to notify ready state\r\n\rVuser 2:FINISHED SUCCESS\r\n\rVuser 3:Monitor failed to notify ready state\r\n\rVuser 3:FINISHED SUCCESS\r\n\rVuser 4:Monitor failed to notify ready state\r\n\rVuser 4:FINISHED SUCCESS\r\n\rVuser 5:Monitor failed to notify ready state\r\n\rVuser 5:FINISHED SUCCESS\r\n\rVuser 6:Monitor failed to notify ready state\r\n\rVuser 6:FINISHED SUCCESS\r\n\rALL VIRTUAL USERS COMPLETE\r\n\r\u001b[2K\r\rhammerdb>\rSchema Build jobid=69AF1A9064C903E203736343",
        "stdout_lines": [
            "HammerDB CLI v4.12",
            "",
            "Copyright (C) 2003-2024 Steve Shaw",
            "",
            "Type \"help\" for a list of commands",
            "",
            "librarycheck",
            "dbset db pg",
            "dbset bm TPC-C",
            "diset connection pg_host rdsperfcomparisionrds.cv5vurnttubm.us-east-2.rds.amazonaws.com",
            "diset connection pg_port 5432",
            "diset tpcc pg_num_vu 5",
            "diset tpcc pg_count_ware 10",
            "diset tpcc pg_defaultdbase postgres",
            "diset tpcc pg_superuser postgres",
            "diset tpcc pg_superuserpass rdsperfcomparision1234",
            "diset tpcc pg_user benchmark",
            "diset tpcc pg_pass benchmark",
            "diset tpcc pg_dbase benchmark",
            "print dict",
            "",
            "buildschema",
            "",
            "exit",
            "Initialized new Jobs on-disk database /tmp/hammer.DB",
            "",
            "",
            "Checking database library for Oracle",
            "Error: failed to load Oratcl - can't read \"env(ORACLE_HOME)\": no such variable",
            "Ensure that Oracle client libraries are installed and the location in the LD_LIBRARY_PATH environment variable",
            "Checking database library for MSSQLServer",
            "Error: failed to load tdbc::odbc - couldn't load file \"libiodbc.so\": libiodbc.so: cannot open shared object file: No such file or directory",
            "Ensure that MSSQLServer client libraries are installed and the location in the LD_LIBRARY_PATH environment variable",
            "Checking database library for Db2",
            "Error: failed to load db2tcl - couldn't load file \"/home/HammerDB-4.12/lib/db2tcl2.0.1/libdb2tcl.so\": libdb2.so.1: cannot open shared object file: No such file or directory",
            "Ensure that Db2 client libraries are installed and the location in the LD_LIBRARY_PATH environment variable",
            "Checking database library for MySQL",
            "Error: failed to load mysqltcl - couldn't load file \"/home/HammerDB-4.12/lib/mysqltcl3.052/libmysqltcl3.052.so\": libmysqlclient.so.21: cannot open shared object file: No such file or directory",
            "Ensure that MySQL client libraries are installed and the location in the LD_LIBRARY_PATH environment variable",
            "Checking database library for PostgreSQL",
            "Success ... loaded library Pgtcl for PostgreSQL",
            "Checking database library for MariaDB",
            "Error: failed to load mariatcl - couldn't load file \"/home/HammerDB-4.12/lib/mariatcl0.1/libmariatcl0.1.so\": libmariadb.so.3: cannot open shared object file: No such file or directory",
            "Ensure that MariaDB client libraries are installed and the location in the LD_LIBRARY_PATH environment variable",
            "",
            "",
            "Database set to PostgreSQL",
            "",
            "",
            "",
            "Benchmark set to TPC-C for PostgreSQL",
            "",
            "",
            "",
            "Changed connection:pg_host from localhost to rdsperfcomparisionrds.cv5vurnttubm.us-east-2.rds.amazonaws.com for PostgreSQL",
            "",
            "",
            "",
            "Value 5432 for connection:pg_port is the same as existing value 5432, no change made",
            "",
            "",
            "",
            "Changed tpcc:pg_num_vu from 1 to 5 for PostgreSQL",
            "",
            "",
            "",
            "Changed tpcc:pg_count_ware from 1 to 10 for PostgreSQL",
            "",
            "",
            "",
            "Value postgres for tpcc:pg_defaultdbase is the same as existing value postgres, no change made",
            "",
            "",
            "",
            "Value postgres for tpcc:pg_superuser is the same as existing value postgres, no change made",
            "",
            "",
            "",
            "Changed tpcc:pg_superuserpass from postgres to rdsperfcomparision1234 for PostgreSQL",
            "",
            "",
            "",
            "Changed tpcc:pg_user from tpcc to benchmark for PostgreSQL",
            "",
            "",
            "",
            "Changed tpcc:pg_pass from tpcc to benchmark for PostgreSQL",
            "",
            "",
            "",
            "Changed tpcc:pg_dbase from tpcc to benchmark for PostgreSQL",
            "",
            "",
            "",
            "Dictionary Settings for PostgreSQL",
            "connection {",
            " pg_host    = rdsperfcomparisionrds.cv5vurnttubm.us-east-2.rds.amazonaws.com",
            " pg_port    = 5432",
            " pg_sslmode = prefer",
            "}",
            "tpcc       {",
            " pg_count_ware       = 10",
            " pg_num_vu           = 5",
            " pg_superuser        = postgres",
            " pg_superuserpass    = rdsperfcomparision1234",
            " pg_defaultdbase     = postgres",
            " pg_user             = benchmark",
            " pg_pass             = benchmark",
            " pg_dbase            = benchmark",
            " pg_tspace           = pg_default",
            " pg_vacuum           = false",
            " pg_dritasnap        = false",
            " pg_oracompat        = false",
            " pg_cituscompat      = false",
            " pg_storedprocs      = false",
            " pg_partition        = false",
            " pg_total_iterations = 10000000",
            " pg_raiseerror       = false",
            " pg_keyandthink      = false",
            " pg_driver           = timed",
            " pg_rampup           = 2",
            " pg_duration         = 5",
            " pg_allwarehouse     = false",
            " pg_timeprofile      = false",
            " pg_async_scale      = false",
            " pg_async_client     = 10",
            " pg_async_verbose    = false",
            " pg_async_delay      = 1000",
            " pg_connect_pool     = false",
            "}",
            "",
            "",
            "",
            "",
            "Script cleared",
            "",
            "Building 10 Warehouses with 6 Virtual Users, 5 active + 1 Monitor VU(dict value pg_num_vu is set to 5)",
            "Ready to create a 10 Warehouse PostgreSQL TPROC-C schema",
            "in host RDSPERFCOMPARISIONRDS.CV5VURNTTUBM.US-EAST-2.RDS.AMAZONAWS.COM:5432 sslmode PREFER under user BENCHMARK in database BENCHMARK?",
            "",
            "Enter yes or no: replied yes",
            "",
            "Vuser 1 created - WAIT IDLE",
            "",
            "Vuser 2 created - WAIT IDLE",
            "",
            "Vuser 3 created - WAIT IDLE",
            "",
            "Vuser 4 created - WAIT IDLE",
            "",
            "Vuser 5 created - WAIT IDLE",
            "",
            "Vuser 6 created - WAIT IDLE",
            "",
            "Vuser 1:RUNNING",
            "",
            "Vuser 1:Monitor Thread",
            "",
            "Vuser 1:CREATING BENCHMARK SCHEMA",
            "",
            "Vuser 1:CREATING DATABASE benchmark under OWNER benchmark",
            "",
            "Vuser 1:Using existing User benchmark for Schema build",
            "",
            "Vuser 1:Database with tables benchmark exists",
            "",
            "Error in Virtual User 1: Database benchmark exists but is not empty, specify a new or empty database name",
            "",
            "Vuser 1:FINISHED FAILED",
            "",
            "Vuser 2:RUNNING",
            "",
            "Vuser 2:Worker Thread",
            "",
            "Vuser 2:Waiting for Monitor Thread...",
            "",
            "Vuser 3:RUNNING",
            "",
            "Vuser 3:Worker Thread",
            "",
            "Vuser 3:Waiting for Monitor Thread...",
            "",
            "Vuser 4:RUNNING",
            "",
            "Vuser 4:Worker Thread",
            "",
            "Vuser 4:Waiting for Monitor Thread...",
            "",
            "Vuser 5:RUNNING",
            "",
            "Vuser 5:Worker Thread",
            "",
            "Vuser 5:Waiting for Monitor Thread...",
            "",
            "Vuser 6:RUNNING",
            "",
            "Vuser 6:Worker Thread",
            "",
            "Vuser 6:Waiting for Monitor Thread...",
            "",
            "Vuser 2:Monitor failed to notify ready state",
            "",
            "Vuser 2:FINISHED SUCCESS",
            "",
            "Vuser 3:Monitor failed to notify ready state",
            "",
            "Vuser 3:FINISHED SUCCESS",
            "",
            "Vuser 4:Monitor failed to notify ready state",
            "",
            "Vuser 4:FINISHED SUCCESS",
            "",
            "Vuser 5:Monitor failed to notify ready state",
            "",
            "Vuser 5:FINISHED SUCCESS",
            "",
            "Vuser 6:Monitor failed to notify ready state",
            "",
            "Vuser 6:FINISHED SUCCESS",
            "",
            "ALL VIRTUAL USERS COMPLETE",
            "",
            "\u001b[2K",
            "",
            "hammerdb>",
            "Schema Build jobid=69AF1A9064C903E203736343"
        ]
    }
}

TASK [Check test setup was OK] *************************************************
fatal: [18.118.164.191]: FAILED! => {
    "assertion": "lines_all|length == lines_succeeded|length",
    "changed": false,
    "evaluated_to": false,
    "msg": "Assertion failed"
}

PLAY RECAP *********************************************************************
18.118.164.191             : ok=6    changed=3    unreachable=0    failed=1    skipped=0    rescued=0    ignored=0   
localhost                  : ok=16   changed=3    unreachable=0    failed=0    skipped=0    rescued=0    ignored=0   

